<?xml version="1.0" encoding="UTF-8"?>
<robot generator="Robot 7.3 (Python 3.12.0 on win32)" generated="2025-06-12T16:49:11.612241" rpa="false" schemaversion="5">
<suite id="s1" name="createUser" source="D:\Python\createUserElearning\createUser.robot">
<test id="s1-t1" name="Tạo Nhiều Người Dùng" line="17">
<kw name="Open Browser" owner="SeleniumLibrary">
<msg time="2025-06-12T16:49:11.827356" level="INFO">Opening browser 'chrome' to base url 'https://elearning.baohiemtasco.vn/web#action=menu&amp;cids=1'.</msg>
<arg>${URL}</arg>
<arg>${BROWSER}</arg>
<doc>Opens a new browser instance to the optional ``url``.</doc>
<status status="PASS" start="2025-06-12T16:49:11.827356" elapsed="5.760118"/>
</kw>
<kw name="Maximize Browser Window" owner="SeleniumLibrary">
<doc>Maximizes current browser window.</doc>
<status status="PASS" start="2025-06-12T16:49:17.587474" elapsed="0.037997"/>
</kw>
<kw name="Wait Until Element Is Visible" owner="SeleniumLibrary">
<arg>xpath=//a[contains(., 'Tasco Insurance')]</arg>
<arg>5s</arg>
<doc>Waits until the element ``locator`` is visible.</doc>
<status status="PASS" start="2025-06-12T16:49:17.625471" elapsed="0.023569"/>
</kw>
<kw name="Click Element" owner="SeleniumLibrary">
<msg time="2025-06-12T16:49:17.650032" level="INFO">Clicking element 'xpath=//a[contains(., 'Tasco Insurance')]'.</msg>
<arg>xpath=//a[contains(., 'Tasco Insurance')]</arg>
<doc>Click the element identified by ``locator``.</doc>
<status status="PASS" start="2025-06-12T16:49:17.650032" elapsed="1.436929"/>
</kw>
<kw name="Wait Until Element Is Visible" owner="SeleniumLibrary">
<arg>xpath=//input[@id='username']</arg>
<arg>3s</arg>
<doc>Waits until the element ``locator`` is visible.</doc>
<status status="PASS" start="2025-06-12T16:49:19.086961" elapsed="0.020998"/>
</kw>
<kw name="Input Text" owner="SeleniumLibrary">
<msg time="2025-06-12T16:49:19.107959" level="INFO">Typing text '0397560142' into text field 'xpath=//input[@id='username']'.</msg>
<arg>xpath=//input[@id='username']</arg>
<arg>${USERNAME}</arg>
<doc>Types the given ``text`` into the text field identified by ``locator``.</doc>
<status status="PASS" start="2025-06-12T16:49:19.107959" elapsed="0.067001"/>
</kw>
<kw name="Input Text" owner="SeleniumLibrary">
<msg time="2025-06-12T16:49:19.174960" level="INFO">Typing text '010101' into text field 'xpath=//input[@id='password']'.</msg>
<arg>xpath=//input[@id='password']</arg>
<arg>${PASSWORD}</arg>
<doc>Types the given ``text`` into the text field identified by ``locator``.</doc>
<status status="PASS" start="2025-06-12T16:49:19.174960" elapsed="0.065599"/>
</kw>
<kw name="Click Button" owner="SeleniumLibrary">
<msg time="2025-06-12T16:49:19.241559" level="INFO">Clicking button 'xpath=//input[@id='kc-login']'.</msg>
<arg>xpath=//input[@id='kc-login']</arg>
<doc>Clicks the button identified by ``locator``.</doc>
<status status="PASS" start="2025-06-12T16:49:19.241559" elapsed="0.277739"/>
</kw>
<kw name="Sleep" owner="BuiltIn">
<msg time="2025-06-12T16:49:21.520534" level="INFO">Slept 2 seconds.</msg>
<arg>2s</arg>
<doc>Pauses the test executed for the given time.</doc>
<status status="PASS" start="2025-06-12T16:49:19.519298" elapsed="2.001236"/>
</kw>
<kw name="Click Element" owner="SeleniumLibrary">
<msg time="2025-06-12T16:49:21.520534" level="INFO">Clicking element 'xpath=//a[.//div[text()='Cài đặt']]'.</msg>
<arg>xpath=//a[.//div[text()='Cài đặt']]</arg>
<doc>Click the element identified by ``locator``.</doc>
<status status="PASS" start="2025-06-12T16:49:21.520534" elapsed="0.043991"/>
</kw>
<kw name="Sleep" owner="BuiltIn">
<msg time="2025-06-12T16:49:23.565053" level="INFO">Slept 2 seconds.</msg>
<arg>2s</arg>
<doc>Pauses the test executed for the given time.</doc>
<status status="PASS" start="2025-06-12T16:49:21.564525" elapsed="2.000528"/>
</kw>
<kw name="Click Element" owner="SeleniumLibrary">
<msg time="2025-06-12T16:49:23.565053" level="INFO">Clicking element 'xpath=//button[.//span[text()='Người dùng &amp; Công ty']]'.</msg>
<arg>xpath=//button[.//span[text()='Người dùng &amp; Công ty']]</arg>
<doc>Click the element identified by ``locator``.</doc>
<status status="PASS" start="2025-06-12T16:49:23.565053" elapsed="0.039188"/>
</kw>
<kw name="Sleep" owner="BuiltIn">
<msg time="2025-06-12T16:49:25.604932" level="INFO">Slept 2 seconds.</msg>
<arg>2s</arg>
<doc>Pauses the test executed for the given time.</doc>
<status status="PASS" start="2025-06-12T16:49:23.604241" elapsed="2.000691"/>
</kw>
<kw name="Click Element" owner="SeleniumLibrary">
<msg time="2025-06-12T16:49:25.604932" level="INFO">Clicking element 'xpath=//a[normalize-space()='Người dùng']'.</msg>
<arg>xpath=//a[normalize-space()='Người dùng']</arg>
<doc>Click the element identified by ``locator``.</doc>
<status status="PASS" start="2025-06-12T16:49:25.604932" elapsed="0.038669"/>
</kw>
<kw name="Sleep" owner="BuiltIn">
<msg time="2025-06-12T16:49:27.644998" level="INFO">Slept 2 seconds.</msg>
<arg>2s</arg>
<doc>Pauses the test executed for the given time.</doc>
<status status="PASS" start="2025-06-12T16:49:25.644600" elapsed="2.000398"/>
</kw>
<kw name="Click Element" owner="SeleniumLibrary">
<msg time="2025-06-12T16:49:27.644998" level="INFO">Clicking element 'xpath=(//button[contains(@class, 'o_list_button_add') and normalize-space()='Mới'])[last()]'.</msg>
<arg>xpath=(//button[contains(@class, 'o_list_button_add') and normalize-space()='Mới'])[last()]</arg>
<doc>Click the element identified by ``locator``.</doc>
<status status="PASS" start="2025-06-12T16:49:27.644998" elapsed="0.044777"/>
</kw>
<kw name="Sleep" owner="BuiltIn">
<msg time="2025-06-12T16:49:29.690987" level="INFO">Slept 2 seconds.</msg>
<arg>2s</arg>
<doc>Pauses the test executed for the given time.</doc>
<status status="PASS" start="2025-06-12T16:49:27.689775" elapsed="2.001212"/>
</kw>
<for flavor="IN">
<iter>
<kw name="Input Text" owner="SeleniumLibrary">
<msg time="2025-06-12T16:49:29.690987" level="INFO">Typing text 'Nguyễn Hoàng Hiệp' into text field 'xpath=//input[@id='name_0']'.</msg>
<arg>xpath=//input[@id='name_0']</arg>
<arg>${name}</arg>
<doc>Types the given ``text`` into the text field identified by ``locator``.</doc>
<status status="PASS" start="2025-06-12T16:49:29.690987" elapsed="0.046648"/>
</kw>
<kw name="Input Text" owner="SeleniumLibrary">
<msg time="2025-06-12T16:49:29.737635" level="INFO">Typing text '0332814464' into text field 'xpath=//input[@id='login_0']'.</msg>
<arg>xpath=//input[@id='login_0']</arg>
<arg>${phone}</arg>
<doc>Types the given ``text`` into the text field identified by ``locator``.</doc>
<status status="PASS" start="2025-06-12T16:49:29.737635" elapsed="0.050000"/>
</kw>
<kw name="Sleep" owner="BuiltIn">
<msg time="2025-06-12T16:49:30.787796" level="INFO">Slept 1 second.</msg>
<arg>1s</arg>
<doc>Pauses the test executed for the given time.</doc>
<status status="PASS" start="2025-06-12T16:49:29.787635" elapsed="1.000161"/>
</kw>
<kw name="Click Element" owner="SeleniumLibrary">
<msg time="2025-06-12T16:49:30.787796" level="INFO">Clicking element 'xpath=//a[@name='preferences']'.</msg>
<arg>xpath=//a[@name='preferences']</arg>
<doc>Click the element identified by ``locator``.</doc>
<status status="PASS" start="2025-06-12T16:49:30.787796" elapsed="0.047053"/>
</kw>
<kw name="Sleep" owner="BuiltIn">
<msg time="2025-06-12T16:49:31.835676" level="INFO">Slept 1 second.</msg>
<arg>1s</arg>
<doc>Pauses the test executed for the given time.</doc>
<status status="PASS" start="2025-06-12T16:49:30.834849" elapsed="1.000827"/>
</kw>
<kw name="Click Element" owner="SeleniumLibrary">
<msg time="2025-06-12T16:49:31.835676" level="INFO">Clicking element 'xpath=//input[@id='branch_ids_0']'.</msg>
<arg>xpath=//input[@id='branch_ids_0']</arg>
<doc>Click the element identified by ``locator``.</doc>
<status status="PASS" start="2025-06-12T16:49:31.835676" elapsed="0.044615"/>
</kw>
<kw name="Input Text" owner="SeleniumLibrary">
<msg time="2025-06-12T16:49:31.880291" level="INFO">Typing text 'Chi nhánh Hà Nội 1' into text field 'xpath=//input[@id='branch_ids_0']'.</msg>
<arg>xpath=//input[@id='branch_ids_0']</arg>
<arg>${branch}</arg>
<doc>Types the given ``text`` into the text field identified by ``locator``.</doc>
<status status="PASS" start="2025-06-12T16:49:31.880291" elapsed="0.049999"/>
</kw>
<kw name="Sleep" owner="BuiltIn">
<msg time="2025-06-12T16:49:32.931469" level="INFO">Slept 1 second.</msg>
<arg>1s</arg>
<doc>Pauses the test executed for the given time.</doc>
<status status="PASS" start="2025-06-12T16:49:31.930290" elapsed="1.001179"/>
</kw>
<kw name="Click Element" owner="SeleniumLibrary">
<msg time="2025-06-12T16:49:32.931469" level="INFO">Clicking element 'xpath=(//ul[contains(@class, 'ui-autocomplete')]//a[normalize-space(.)='Chi nhánh Hà Nội 1'])[1]'.</msg>
<arg>xpath=(//ul[contains(@class, 'ui-autocomplete')]//a[normalize-space(.)='${branch}'])[1]</arg>
<doc>Click the element identified by ``locator``.</doc>
<status status="PASS" start="2025-06-12T16:49:32.931469" elapsed="0.048956"/>
</kw>
<kw name="Sleep" owner="BuiltIn">
<msg time="2025-06-12T16:49:33.981667" level="INFO">Slept 1 second.</msg>
<arg>1s</arg>
<doc>Pauses the test executed for the given time.</doc>
<status status="PASS" start="2025-06-12T16:49:32.980425" elapsed="1.001242"/>
</kw>
<kw name="Click Element" owner="SeleniumLibrary">
<msg time="2025-06-12T16:49:33.981667" level="INFO">Clicking element 'xpath=//input[@id='branch_id_0']'.</msg>
<arg>xpath=//input[@id='branch_id_0']</arg>
<doc>Click the element identified by ``locator``.</doc>
<status status="PASS" start="2025-06-12T16:49:33.981667" elapsed="0.040777"/>
</kw>
<kw name="Input Text" owner="SeleniumLibrary">
<msg time="2025-06-12T16:49:34.022444" level="INFO">Typing text 'Chi nhánh Hà Nội 1' into text field 'xpath=//input[@id='branch_id_0']'.</msg>
<arg>xpath=//input[@id='branch_id_0']</arg>
<arg>${branch}</arg>
<doc>Types the given ``text`` into the text field identified by ``locator``.</doc>
<status status="PASS" start="2025-06-12T16:49:34.022444" elapsed="0.058001"/>
</kw>
<kw name="Sleep" owner="BuiltIn">
<msg time="2025-06-12T16:49:35.081120" level="INFO">Slept 1 second.</msg>
<arg>1s</arg>
<doc>Pauses the test executed for the given time.</doc>
<status status="PASS" start="2025-06-12T16:49:34.080445" elapsed="1.000675"/>
</kw>
<kw name="Click Element" owner="SeleniumLibrary">
<msg time="2025-06-12T16:49:35.081120" level="INFO">Clicking element 'xpath=(//ul[contains(@class, 'ui-autocomplete')]//a[normalize-space(.)='Chi nhánh Hà Nội 1'])[1]'.</msg>
<arg>xpath=(//ul[contains(@class, 'ui-autocomplete')]//a[normalize-space(.)='${branch}'])[1]</arg>
<doc>Click the element identified by ``locator``.</doc>
<status status="PASS" start="2025-06-12T16:49:35.081120" elapsed="0.037926"/>
</kw>
<kw name="Sleep" owner="BuiltIn">
<msg time="2025-06-12T16:49:36.120090" level="INFO">Slept 1 second.</msg>
<arg>1s</arg>
<doc>Pauses the test executed for the given time.</doc>
<status status="PASS" start="2025-06-12T16:49:35.119046" elapsed="1.001044"/>
</kw>
<kw name="Click Element" owner="SeleniumLibrary">
<msg time="2025-06-12T16:49:36.120090" level="INFO">Clicking element 'xpath=//a[@name='oauth']'.</msg>
<arg>xpath=//a[@name='oauth']</arg>
<doc>Click the element identified by ``locator``.</doc>
<status status="PASS" start="2025-06-12T16:49:36.120090" elapsed="0.043749"/>
</kw>
<kw name="Sleep" owner="BuiltIn">
<msg time="2025-06-12T16:49:37.164521" level="INFO">Slept 1 second.</msg>
<arg>1s</arg>
<doc>Pauses the test executed for the given time.</doc>
<status status="PASS" start="2025-06-12T16:49:36.163839" elapsed="1.000682"/>
</kw>
<kw name="Click Element" owner="SeleniumLibrary">
<msg time="2025-06-12T16:49:37.164521" level="INFO">Clicking element 'xpath=//input[@id='oauth_provider_id_0']'.</msg>
<arg>xpath=//input[@id='oauth_provider_id_0']</arg>
<doc>Click the element identified by ``locator``.</doc>
<status status="PASS" start="2025-06-12T16:49:37.164521" elapsed="0.040262"/>
</kw>
<kw name="Sleep" owner="BuiltIn">
<msg time="2025-06-12T16:49:38.204948" level="INFO">Slept 1 second.</msg>
<arg>1s</arg>
<doc>Pauses the test executed for the given time.</doc>
<status status="PASS" start="2025-06-12T16:49:37.204783" elapsed="1.000165"/>
</kw>
<kw name="Click Element" owner="SeleniumLibrary">
<msg time="2025-06-12T16:49:38.204948" level="INFO">Clicking element 'xpath=//a[@role='option' and normalize-space()='KEYCLOAK']'.</msg>
<arg>xpath=//a[@role='option' and normalize-space()='KEYCLOAK']</arg>
<doc>Click the element identified by ``locator``.</doc>
<status status="PASS" start="2025-06-12T16:49:38.204948" elapsed="0.043812"/>
</kw>
<kw name="Sleep" owner="BuiltIn">
<msg time="2025-06-12T16:49:39.249077" level="INFO">Slept 1 second.</msg>
<arg>1s</arg>
<doc>Pauses the test executed for the given time.</doc>
<status status="PASS" start="2025-06-12T16:49:38.248760" elapsed="1.000317"/>
</kw>
<kw name="Click Element" owner="SeleniumLibrary">
<msg time="2025-06-12T16:49:39.249077" level="INFO">Clicking element 'xpath=//button[@aria-label='Save manually']'.</msg>
<arg>xpath=//button[@aria-label='Save manually']</arg>
<doc>Click the element identified by ``locator``.</doc>
<status status="PASS" start="2025-06-12T16:49:39.249077" elapsed="0.036465"/>
</kw>
<kw name="Sleep" owner="BuiltIn">
<msg time="2025-06-12T16:49:41.286301" level="INFO">Slept 2 seconds.</msg>
<arg>2s</arg>
<doc>Pauses the test executed for the given time.</doc>
<status status="PASS" start="2025-06-12T16:49:39.285542" elapsed="2.000759"/>
</kw>
<kw name="Click Element" owner="SeleniumLibrary">
<msg time="2025-06-12T16:49:41.286301" level="INFO">Clicking element 'xpath=//button[@name='action_create_employee']'.</msg>
<arg>xpath=//button[@name='action_create_employee']</arg>
<doc>Click the element identified by ``locator``.</doc>
<status status="PASS" start="2025-06-12T16:49:41.286301" elapsed="0.035736"/>
</kw>
<kw name="Sleep" owner="BuiltIn">
<msg time="2025-06-12T16:49:43.323337" level="INFO">Slept 2 seconds.</msg>
<arg>2s</arg>
<doc>Pauses the test executed for the given time.</doc>
<status status="PASS" start="2025-06-12T16:49:41.322037" elapsed="2.001300"/>
</kw>
<kw name="Click Element" owner="SeleniumLibrary">
<msg time="2025-06-12T16:49:43.323337" level="INFO">Clicking element 'xpath=(//button[contains(@class, 'o_form_button_create') and normalize-space()='Mới'])[last()]'.</msg>
<arg>xpath=(//button[contains(@class, 'o_form_button_create') and normalize-space()='Mới'])[last()]</arg>
<doc>Click the element identified by ``locator``.</doc>
<status status="PASS" start="2025-06-12T16:49:43.323337" elapsed="0.037078"/>
</kw>
<kw name="Sleep" owner="BuiltIn">
<msg time="2025-06-12T16:49:46.360806" level="INFO">Slept 3 seconds.</msg>
<arg>3s</arg>
<doc>Pauses the test executed for the given time.</doc>
<status status="PASS" start="2025-06-12T16:49:43.360415" elapsed="3.000391"/>
</kw>
<var name="${name}">Nguyễn Hoàng Hiệp</var>
<var name="${phone}">0332814464</var>
<var name="${branch}">Chi nhánh Hà Nội 1</var>
<status status="PASS" start="2025-06-12T16:49:29.690987" elapsed="16.669819"/>
</iter>
<iter>
<kw name="Input Text" owner="SeleniumLibrary">
<msg time="2025-06-12T16:49:46.361802" level="INFO">Typing text 'Đồng Ngọc Anh' into text field 'xpath=//input[@id='name_0']'.</msg>
<arg>xpath=//input[@id='name_0']</arg>
<arg>${name}</arg>
<doc>Types the given ``text`` into the text field identified by ``locator``.</doc>
<status status="PASS" start="2025-06-12T16:49:46.360806" elapsed="0.037946"/>
</kw>
<kw name="Input Text" owner="SeleniumLibrary">
<msg time="2025-06-12T16:49:46.399762" level="INFO">Typing text '0917073633' into text field 'xpath=//input[@id='login_0']'.</msg>
<arg>xpath=//input[@id='login_0']</arg>
<arg>${phone}</arg>
<doc>Types the given ``text`` into the text field identified by ``locator``.</doc>
<status status="PASS" start="2025-06-12T16:49:46.398752" elapsed="0.046001"/>
</kw>
<kw name="Sleep" owner="BuiltIn">
<msg time="2025-06-12T16:49:47.446619" level="INFO">Slept 1 second.</msg>
<arg>1s</arg>
<doc>Pauses the test executed for the given time.</doc>
<status status="PASS" start="2025-06-12T16:49:46.445762" elapsed="1.000857"/>
</kw>
<kw name="Click Element" owner="SeleniumLibrary">
<msg time="2025-06-12T16:49:47.446619" level="INFO">Clicking element 'xpath=//a[@name='preferences']'.</msg>
<arg>xpath=//a[@name='preferences']</arg>
<doc>Click the element identified by ``locator``.</doc>
<status status="PASS" start="2025-06-12T16:49:47.446619" elapsed="0.058921"/>
</kw>
<kw name="Sleep" owner="BuiltIn">
<msg time="2025-06-12T16:49:48.506160" level="INFO">Slept 1 second.</msg>
<arg>1s</arg>
<doc>Pauses the test executed for the given time.</doc>
<status status="PASS" start="2025-06-12T16:49:47.505540" elapsed="1.000620"/>
</kw>
<kw name="Click Element" owner="SeleniumLibrary">
<msg time="2025-06-12T16:49:48.506982" level="INFO">Clicking element 'xpath=//input[@id='branch_ids_0']'.</msg>
<arg>xpath=//input[@id='branch_ids_0']</arg>
<doc>Click the element identified by ``locator``.</doc>
<status status="PASS" start="2025-06-12T16:49:48.506160" elapsed="0.038823"/>
</kw>
<kw name="Input Text" owner="SeleniumLibrary">
<msg time="2025-06-12T16:49:48.545982" level="INFO">Typing text 'Chi nhánh Hà Nội 5' into text field 'xpath=//input[@id='branch_ids_0']'.</msg>
<arg>xpath=//input[@id='branch_ids_0']</arg>
<arg>${branch}</arg>
<doc>Types the given ``text`` into the text field identified by ``locator``.</doc>
<status status="PASS" start="2025-06-12T16:49:48.545982" elapsed="0.049590"/>
</kw>
<kw name="Sleep" owner="BuiltIn">
<msg time="2025-06-12T16:49:49.596681" level="INFO">Slept 1 second.</msg>
<arg>1s</arg>
<doc>Pauses the test executed for the given time.</doc>
<status status="PASS" start="2025-06-12T16:49:48.595572" elapsed="1.001109"/>
</kw>
<kw name="Click Element" owner="SeleniumLibrary">
<msg time="2025-06-12T16:49:49.596681" level="INFO">Clicking element 'xpath=(//ul[contains(@class, 'ui-autocomplete')]//a[normalize-space(.)='Chi nhánh Hà Nội 5'])[1]'.</msg>
<arg>xpath=(//ul[contains(@class, 'ui-autocomplete')]//a[normalize-space(.)='${branch}'])[1]</arg>
<doc>Click the element identified by ``locator``.</doc>
<status status="PASS" start="2025-06-12T16:49:49.596681" elapsed="0.043558"/>
</kw>
<kw name="Sleep" owner="BuiltIn">
<msg time="2025-06-12T16:49:50.641605" level="INFO">Slept 1 second.</msg>
<arg>1s</arg>
<doc>Pauses the test executed for the given time.</doc>
<status status="PASS" start="2025-06-12T16:49:49.640239" elapsed="1.001366"/>
</kw>
<kw name="Click Element" owner="SeleniumLibrary">
<msg time="2025-06-12T16:49:50.641605" level="INFO">Clicking element 'xpath=//input[@id='branch_id_0']'.</msg>
<arg>xpath=//input[@id='branch_id_0']</arg>
<doc>Click the element identified by ``locator``.</doc>
<status status="PASS" start="2025-06-12T16:49:50.641605" elapsed="0.040525"/>
</kw>
<kw name="Input Text" owner="SeleniumLibrary">
<msg time="2025-06-12T16:49:50.683130" level="INFO">Typing text 'Chi nhánh Hà Nội 5' into text field 'xpath=//input[@id='branch_id_0']'.</msg>
<arg>xpath=//input[@id='branch_id_0']</arg>
<arg>${branch}</arg>
<doc>Types the given ``text`` into the text field identified by ``locator``.</doc>
<status status="PASS" start="2025-06-12T16:49:50.683130" elapsed="0.045352"/>
</kw>
<kw name="Sleep" owner="BuiltIn">
<msg time="2025-06-12T16:49:51.728518" level="INFO">Slept 1 second.</msg>
<arg>1s</arg>
<doc>Pauses the test executed for the given time.</doc>
<status status="PASS" start="2025-06-12T16:49:50.728482" elapsed="1.000036"/>
</kw>
<kw name="Click Element" owner="SeleniumLibrary">
<msg time="2025-06-12T16:49:51.728518" level="INFO">Clicking element 'xpath=(//ul[contains(@class, 'ui-autocomplete')]//a[normalize-space(.)='Chi nhánh Hà Nội 5'])[1]'.</msg>
<arg>xpath=(//ul[contains(@class, 'ui-autocomplete')]//a[normalize-space(.)='${branch}'])[1]</arg>
<doc>Click the element identified by ``locator``.</doc>
<status status="PASS" start="2025-06-12T16:49:51.728518" elapsed="0.034416"/>
</kw>
<kw name="Sleep" owner="BuiltIn">
<msg time="2025-06-12T16:49:52.763486" level="INFO">Slept 1 second.</msg>
<arg>1s</arg>
<doc>Pauses the test executed for the given time.</doc>
<status status="PASS" start="2025-06-12T16:49:51.762934" elapsed="1.000552"/>
</kw>
<kw name="Click Element" owner="SeleniumLibrary">
<msg time="2025-06-12T16:49:52.763486" level="INFO">Clicking element 'xpath=//a[@name='oauth']'.</msg>
<arg>xpath=//a[@name='oauth']</arg>
<doc>Click the element identified by ``locator``.</doc>
<status status="PASS" start="2025-06-12T16:49:52.763486" elapsed="0.043510"/>
</kw>
<kw name="Sleep" owner="BuiltIn">
<msg time="2025-06-12T16:49:53.807180" level="INFO">Slept 1 second.</msg>
<arg>1s</arg>
<doc>Pauses the test executed for the given time.</doc>
<status status="PASS" start="2025-06-12T16:49:52.806996" elapsed="1.000184"/>
</kw>
<kw name="Click Element" owner="SeleniumLibrary">
<msg time="2025-06-12T16:49:53.807180" level="INFO">Clicking element 'xpath=//input[@id='oauth_provider_id_0']'.</msg>
<arg>xpath=//input[@id='oauth_provider_id_0']</arg>
<doc>Click the element identified by ``locator``.</doc>
<status status="PASS" start="2025-06-12T16:49:53.807180" elapsed="0.039449"/>
</kw>
<kw name="Sleep" owner="BuiltIn">
<msg time="2025-06-12T16:49:54.848420" level="INFO">Slept 1 second.</msg>
<arg>1s</arg>
<doc>Pauses the test executed for the given time.</doc>
<status status="PASS" start="2025-06-12T16:49:53.846629" elapsed="1.001791"/>
</kw>
<kw name="Click Element" owner="SeleniumLibrary">
<msg time="2025-06-12T16:49:54.848420" level="INFO">Clicking element 'xpath=//a[@role='option' and normalize-space()='KEYCLOAK']'.</msg>
<arg>xpath=//a[@role='option' and normalize-space()='KEYCLOAK']</arg>
<doc>Click the element identified by ``locator``.</doc>
<status status="PASS" start="2025-06-12T16:49:54.848420" elapsed="0.036224"/>
</kw>
<kw name="Sleep" owner="BuiltIn">
<msg time="2025-06-12T16:49:55.885153" level="INFO">Slept 1 second.</msg>
<arg>1s</arg>
<doc>Pauses the test executed for the given time.</doc>
<status status="PASS" start="2025-06-12T16:49:54.884644" elapsed="1.000509"/>
</kw>
<kw name="Click Element" owner="SeleniumLibrary">
<msg time="2025-06-12T16:49:55.885153" level="INFO">Clicking element 'xpath=//button[@aria-label='Save manually']'.</msg>
<arg>xpath=//button[@aria-label='Save manually']</arg>
<doc>Click the element identified by ``locator``.</doc>
<status status="PASS" start="2025-06-12T16:49:55.885153" elapsed="0.036022"/>
</kw>
<kw name="Sleep" owner="BuiltIn">
<msg time="2025-06-12T16:49:57.922188" level="INFO">Slept 2 seconds.</msg>
<arg>2s</arg>
<doc>Pauses the test executed for the given time.</doc>
<status status="PASS" start="2025-06-12T16:49:55.921175" elapsed="2.001013"/>
</kw>
<kw name="Click Element" owner="SeleniumLibrary">
<msg time="2025-06-12T16:49:57.922188" level="INFO">Clicking element 'xpath=//button[@name='action_create_employee']'.</msg>
<arg>xpath=//button[@name='action_create_employee']</arg>
<doc>Click the element identified by ``locator``.</doc>
<status status="PASS" start="2025-06-12T16:49:57.922188" elapsed="0.036445"/>
</kw>
<kw name="Sleep" owner="BuiltIn">
<msg time="2025-06-12T16:49:59.960117" level="INFO">Slept 2 seconds.</msg>
<arg>2s</arg>
<doc>Pauses the test executed for the given time.</doc>
<status status="PASS" start="2025-06-12T16:49:57.958633" elapsed="2.001484"/>
</kw>
<kw name="Click Element" owner="SeleniumLibrary">
<msg time="2025-06-12T16:49:59.960117" level="INFO">Clicking element 'xpath=(//button[contains(@class, 'o_form_button_create') and normalize-space()='Mới'])[last()]'.</msg>
<arg>xpath=(//button[contains(@class, 'o_form_button_create') and normalize-space()='Mới'])[last()]</arg>
<doc>Click the element identified by ``locator``.</doc>
<status status="PASS" start="2025-06-12T16:49:59.960117" elapsed="0.035500"/>
</kw>
<kw name="Sleep" owner="BuiltIn">
<msg time="2025-06-12T16:50:02.996538" level="INFO">Slept 3 seconds.</msg>
<arg>3s</arg>
<doc>Pauses the test executed for the given time.</doc>
<status status="PASS" start="2025-06-12T16:49:59.995617" elapsed="3.000921"/>
</kw>
<var name="${name}">Đồng Ngọc Anh</var>
<var name="${phone}">0917073633</var>
<var name="${branch}">Chi nhánh Hà Nội 5</var>
<status status="PASS" start="2025-06-12T16:49:46.360806" elapsed="16.635732"/>
</iter>
<iter>
<kw name="Input Text" owner="SeleniumLibrary">
<msg time="2025-06-12T16:50:02.996538" level="INFO">Typing text 'Nguyễn Hoàng Huy' into text field 'xpath=//input[@id='name_0']'.</msg>
<arg>xpath=//input[@id='name_0']</arg>
<arg>${name}</arg>
<doc>Types the given ``text`` into the text field identified by ``locator``.</doc>
<status status="PASS" start="2025-06-12T16:50:02.996538" elapsed="0.038142"/>
</kw>
<kw name="Input Text" owner="SeleniumLibrary">
<msg time="2025-06-12T16:50:03.035692" level="INFO">Typing text '0347959921' into text field 'xpath=//input[@id='login_0']'.</msg>
<arg>xpath=//input[@id='login_0']</arg>
<arg>${phone}</arg>
<doc>Types the given ``text`` into the text field identified by ``locator``.</doc>
<status status="PASS" start="2025-06-12T16:50:03.035692" elapsed="0.043987"/>
</kw>
<kw name="Sleep" owner="BuiltIn">
<msg time="2025-06-12T16:50:04.080506" level="INFO">Slept 1 second.</msg>
<arg>1s</arg>
<doc>Pauses the test executed for the given time.</doc>
<status status="PASS" start="2025-06-12T16:50:03.079679" elapsed="1.000827"/>
</kw>
<kw name="Click Element" owner="SeleniumLibrary">
<msg time="2025-06-12T16:50:04.080506" level="INFO">Clicking element 'xpath=//a[@name='preferences']'.</msg>
<arg>xpath=//a[@name='preferences']</arg>
<doc>Click the element identified by ``locator``.</doc>
<status status="PASS" start="2025-06-12T16:50:04.080506" elapsed="0.054339"/>
</kw>
<kw name="Sleep" owner="BuiltIn">
<msg time="2025-06-12T16:50:05.135195" level="INFO">Slept 1 second.</msg>
<arg>1s</arg>
<doc>Pauses the test executed for the given time.</doc>
<status status="PASS" start="2025-06-12T16:50:04.134845" elapsed="1.000350"/>
</kw>
<kw name="Click Element" owner="SeleniumLibrary">
<msg time="2025-06-12T16:50:05.135195" level="INFO">Clicking element 'xpath=//input[@id='branch_ids_0']'.</msg>
<arg>xpath=//input[@id='branch_ids_0']</arg>
<doc>Click the element identified by ``locator``.</doc>
<status status="PASS" start="2025-06-12T16:50:05.135195" elapsed="0.040652"/>
</kw>
<kw name="Input Text" owner="SeleniumLibrary">
<msg time="2025-06-12T16:50:05.175847" level="INFO">Typing text 'Trung tâm kinh doanh Số' into text field 'xpath=//input[@id='branch_ids_0']'.</msg>
<arg>xpath=//input[@id='branch_ids_0']</arg>
<arg>${branch}</arg>
<doc>Types the given ``text`` into the text field identified by ``locator``.</doc>
<status status="PASS" start="2025-06-12T16:50:05.175847" elapsed="0.051539"/>
</kw>
<kw name="Sleep" owner="BuiltIn">
<msg time="2025-06-12T16:50:06.228940" level="INFO">Slept 1 second.</msg>
<arg>1s</arg>
<doc>Pauses the test executed for the given time.</doc>
<status status="PASS" start="2025-06-12T16:50:05.228387" elapsed="1.000553"/>
</kw>
<kw name="Click Element" owner="SeleniumLibrary">
<msg time="2025-06-12T16:50:06.229927" level="INFO">Clicking element 'xpath=(//ul[contains(@class, 'ui-autocomplete')]//a[normalize-space(.)='Trung tâm kinh doanh Số'])[1]'.</msg>
<arg>xpath=(//ul[contains(@class, 'ui-autocomplete')]//a[normalize-space(.)='${branch}'])[1]</arg>
<doc>Click the element identified by ``locator``.</doc>
<status status="PASS" start="2025-06-12T16:50:06.228940" elapsed="0.050547"/>
</kw>
<kw name="Sleep" owner="BuiltIn">
<msg time="2025-06-12T16:50:07.279964" level="INFO">Slept 1 second.</msg>
<arg>1s</arg>
<doc>Pauses the test executed for the given time.</doc>
<status status="PASS" start="2025-06-12T16:50:06.279487" elapsed="1.000477"/>
</kw>
<kw name="Click Element" owner="SeleniumLibrary">
<msg time="2025-06-12T16:50:07.279964" level="INFO">Clicking element 'xpath=//input[@id='branch_id_0']'.</msg>
<arg>xpath=//input[@id='branch_id_0']</arg>
<doc>Click the element identified by ``locator``.</doc>
<status status="PASS" start="2025-06-12T16:50:07.279964" elapsed="0.036839"/>
</kw>
<kw name="Input Text" owner="SeleniumLibrary">
<msg time="2025-06-12T16:50:07.317804" level="INFO">Typing text 'Trung tâm kinh doanh Số' into text field 'xpath=//input[@id='branch_id_0']'.</msg>
<arg>xpath=//input[@id='branch_id_0']</arg>
<arg>${branch}</arg>
<doc>Types the given ``text`` into the text field identified by ``locator``.</doc>
<status status="PASS" start="2025-06-12T16:50:07.316803" elapsed="0.054009"/>
</kw>
<kw name="Sleep" owner="BuiltIn">
<msg time="2025-06-12T16:50:08.372092" level="INFO">Slept 1 second.</msg>
<arg>1s</arg>
<doc>Pauses the test executed for the given time.</doc>
<status status="PASS" start="2025-06-12T16:50:07.370812" elapsed="1.001280"/>
</kw>
<kw name="Click Element" owner="SeleniumLibrary">
<msg time="2025-06-12T16:50:08.372092" level="INFO">Clicking element 'xpath=(//ul[contains(@class, 'ui-autocomplete')]//a[normalize-space(.)='Trung tâm kinh doanh Số'])[1]'.</msg>
<arg>xpath=(//ul[contains(@class, 'ui-autocomplete')]//a[normalize-space(.)='${branch}'])[1]</arg>
<doc>Click the element identified by ``locator``.</doc>
<status status="PASS" start="2025-06-12T16:50:08.372092" elapsed="0.038005"/>
</kw>
<kw name="Sleep" owner="BuiltIn">
<msg time="2025-06-12T16:50:09.411359" level="INFO">Slept 1 second.</msg>
<arg>1s</arg>
<doc>Pauses the test executed for the given time.</doc>
<status status="PASS" start="2025-06-12T16:50:08.410097" elapsed="1.001262"/>
</kw>
<kw name="Click Element" owner="SeleniumLibrary">
<msg time="2025-06-12T16:50:09.411359" level="INFO">Clicking element 'xpath=//a[@name='oauth']'.</msg>
<arg>xpath=//a[@name='oauth']</arg>
<doc>Click the element identified by ``locator``.</doc>
<status status="PASS" start="2025-06-12T16:50:09.411359" elapsed="0.052716"/>
</kw>
<kw name="Sleep" owner="BuiltIn">
<msg time="2025-06-12T16:50:10.465175" level="INFO">Slept 1 second.</msg>
<arg>1s</arg>
<doc>Pauses the test executed for the given time.</doc>
<status status="PASS" start="2025-06-12T16:50:09.464075" elapsed="1.001100"/>
</kw>
<kw name="Click Element" owner="SeleniumLibrary">
<msg time="2025-06-12T16:50:10.465175" level="INFO">Clicking element 'xpath=//input[@id='oauth_provider_id_0']'.</msg>
<arg>xpath=//input[@id='oauth_provider_id_0']</arg>
<doc>Click the element identified by ``locator``.</doc>
<status status="PASS" start="2025-06-12T16:50:10.465175" elapsed="0.036608"/>
</kw>
<kw name="Sleep" owner="BuiltIn">
<msg time="2025-06-12T16:50:11.503662" level="INFO">Slept 1 second.</msg>
<arg>1s</arg>
<doc>Pauses the test executed for the given time.</doc>
<status status="PASS" start="2025-06-12T16:50:10.501783" elapsed="1.001879"/>
</kw>
<kw name="Click Element" owner="SeleniumLibrary">
<msg time="2025-06-12T16:50:11.503662" level="INFO">Clicking element 'xpath=//a[@role='option' and normalize-space()='KEYCLOAK']'.</msg>
<arg>xpath=//a[@role='option' and normalize-space()='KEYCLOAK']</arg>
<doc>Click the element identified by ``locator``.</doc>
<status status="PASS" start="2025-06-12T16:50:11.503662" elapsed="0.033124"/>
</kw>
<kw name="Sleep" owner="BuiltIn">
<msg time="2025-06-12T16:50:12.537203" level="INFO">Slept 1 second.</msg>
<arg>1s</arg>
<doc>Pauses the test executed for the given time.</doc>
<status status="PASS" start="2025-06-12T16:50:11.536786" elapsed="1.000417"/>
</kw>
<kw name="Click Element" owner="SeleniumLibrary">
<msg time="2025-06-12T16:50:12.537203" level="INFO">Clicking element 'xpath=//button[@aria-label='Save manually']'.</msg>
<arg>xpath=//button[@aria-label='Save manually']</arg>
<doc>Click the element identified by ``locator``.</doc>
<status status="PASS" start="2025-06-12T16:50:12.537203" elapsed="0.035003"/>
</kw>
<kw name="Sleep" owner="BuiltIn">
<msg time="2025-06-12T16:50:14.573044" level="INFO">Slept 2 seconds.</msg>
<arg>2s</arg>
<doc>Pauses the test executed for the given time.</doc>
<status status="PASS" start="2025-06-12T16:50:12.572206" elapsed="2.000838"/>
</kw>
<kw name="Click Element" owner="SeleniumLibrary">
<msg time="2025-06-12T16:50:14.573044" level="INFO">Clicking element 'xpath=//button[@name='action_create_employee']'.</msg>
<arg>xpath=//button[@name='action_create_employee']</arg>
<doc>Click the element identified by ``locator``.</doc>
<status status="PASS" start="2025-06-12T16:50:14.573044" elapsed="0.032844"/>
</kw>
<kw name="Sleep" owner="BuiltIn">
<msg time="2025-06-12T16:50:16.607550" level="INFO">Slept 2 seconds.</msg>
<arg>2s</arg>
<doc>Pauses the test executed for the given time.</doc>
<status status="PASS" start="2025-06-12T16:50:14.606891" elapsed="2.000659"/>
</kw>
<kw name="Click Element" owner="SeleniumLibrary">
<msg time="2025-06-12T16:50:16.607550" level="INFO">Clicking element 'xpath=(//button[contains(@class, 'o_form_button_create') and normalize-space()='Mới'])[last()]'.</msg>
<arg>xpath=(//button[contains(@class, 'o_form_button_create') and normalize-space()='Mới'])[last()]</arg>
<doc>Click the element identified by ``locator``.</doc>
<status status="PASS" start="2025-06-12T16:50:16.607550" elapsed="0.036159"/>
</kw>
<kw name="Sleep" owner="BuiltIn">
<msg time="2025-06-12T16:50:19.645351" level="INFO">Slept 3 seconds.</msg>
<arg>3s</arg>
<doc>Pauses the test executed for the given time.</doc>
<status status="PASS" start="2025-06-12T16:50:16.643709" elapsed="3.001642"/>
</kw>
<var name="${name}">Nguyễn Hoàng Huy</var>
<var name="${phone}">0347959921</var>
<var name="${branch}">Trung tâm kinh doanh Số</var>
<status status="PASS" start="2025-06-12T16:50:02.996538" elapsed="16.648813"/>
</iter>
<var>${name}</var>
<var>${phone}</var>
<var>${branch}</var>
<value>@{USER_LIST}</value>
<status status="PASS" start="2025-06-12T16:49:29.690987" elapsed="49.954364"/>
</for>
<kw name="Close Browser" owner="SeleniumLibrary">
<doc>Closes the current browser.</doc>
<status status="PASS" start="2025-06-12T16:50:19.645351" elapsed="2.142176"/>
</kw>
<status status="PASS" start="2025-06-12T16:49:11.826356" elapsed="69.961171"/>
</test>
<status status="PASS" start="2025-06-12T16:49:11.613241" elapsed="70.174286"/>
</suite>
<statistics>
<total>
<stat pass="1" fail="0" skip="0">All Tests</stat>
</total>
<tag>
</tag>
<suite>
<stat name="createUser" id="s1" pass="1" fail="0" skip="0">createUser</stat>
</suite>
</statistics>
<errors>
</errors>
</robot>
